Build started 10/28/2013 5:45:06 PM.
     1>Project "C:\Users\SuGaR\Documents\Dropbox\ITESM\5to Semestre\Analisis y D. de Algoritmos\RoundRobin\RoundRobin\RoundRobin\RoundRobin.vcxproj" on node 2 (build target(s)).
     1>InitializeBuildStatus:
         Creating "Debug\RoundRobin.unsuccessfulbuild" because "AlwaysCreate" was specified.
       ClCompile:
         c:\Program Files (x86)\Microsoft Visual Studio 10.0\VC\bin\CL.exe /c /ZI /nologo /W3 /WX- /Od /Oy- /D WIN32 /D _DEBUG /D _CONSOLE /D _UNICODE /D UNICODE /Gm /EHsc /RTC1 /MDd /GS /fp:precise /Zc:wchar_t /Zc:forScope /Fo"Debug\\" /Fd"Debug\vc100.pdb" /Gd /TP /analyze- /errorReport:prompt ..\..\ProyectoParcial\main.cpp
         main.cpp
     1>c:\users\sugar\documents\dropbox\itesm\5to semestre\analisis y d. de algoritmos\roundrobin\proyectoparcial\main.cpp(43): warning C4244: 'argument' : conversion from 'time_t' to 'unsigned int', possible loss of data
       ManifestResourceCompile:
         All outputs are up-to-date.
       Link:
         c:\Program Files (x86)\Microsoft Visual Studio 10.0\VC\bin\link.exe /ERRORREPORT:PROMPT /OUT:"C:\Users\SuGaR\Documents\Dropbox\ITESM\5to Semestre\Analisis y D. de Algoritmos\RoundRobin\RoundRobin\Debug\RoundRobin.exe" /INCREMENTAL /NOLOGO kernel32.lib user32.lib gdi32.lib winspool.lib comdlg32.lib advapi32.lib shell32.lib ole32.lib oleaut32.lib uuid.lib odbc32.lib odbccp32.lib /MANIFEST /ManifestFile:"Debug\RoundRobin.exe.intermediate.manifest" /MANIFESTUAC:"level='asInvoker' uiAccess='false'" /DEBUG /PDB:"C:\Users\SuGaR\Documents\Dropbox\ITESM\5to Semestre\Analisis y D. de Algoritmos\RoundRobin\RoundRobin\Debug\RoundRobin.pdb" /SUBSYSTEM:CONSOLE /TLBID:1 /DYNAMICBASE /NXCOMPAT /IMPLIB:"C:\Users\SuGaR\Documents\Dropbox\ITESM\5to Semestre\Analisis y D. de Algoritmos\RoundRobin\RoundRobin\Debug\RoundRobin.lib" /MACHINE:X86 Debug\RoundRobin.exe.embed.manifest.res
         Debug\main.obj
       Manifest:
         c:\Program Files (x86)\Microsoft SDKs\Windows\v7.0A\bin\mt.exe /nologo /verbose /out:"Debug\RoundRobin.exe.embed.manifest" /manifest Debug\RoundRobin.exe.intermediate.manifest
         All outputs are up-to-date.
       LinkEmbedManifest:
         All outputs are up-to-date.
         RoundRobin.vcxproj -> C:\Users\SuGaR\Documents\Dropbox\ITESM\5to Semestre\Analisis y D. de Algoritmos\RoundRobin\RoundRobin\Debug\RoundRobin.exe
       FinalizeBuildStatus:
         Deleting file "Debug\RoundRobin.unsuccessfulbuild".
         Touching "Debug\RoundRobin.lastbuildstate".
     1>Done Building Project "C:\Users\SuGaR\Documents\Dropbox\ITESM\5to Semestre\Analisis y D. de Algoritmos\RoundRobin\RoundRobin\RoundRobin\RoundRobin.vcxproj" (build target(s)).

Build succeeded.

Time Elapsed 00:00:01.35
